--------------- Build Started: 11/10/2024 18:58:13 Project: Design01, Configuration: ARM GCC 5.4-2016-q2-update Debug ---------------
The code generation step is up to date.
arm-none-eabi-gcc.exe -mcpu=cortex-m3 -mthumb -I. -IGenerated_Source\PSoC5 -Wa,-alh=.\CortexM3\ARM_GCC_541\Debug/main.lst -g -D DEBUG -D CY_CORE_ID=0 -Wall -ffunction-sections -ffat-lto-objects -Og -c main.c -o .\CortexM3\ARM_GCC_541\Debug\main.o
arm-none-eabi-gcc.exe -mcpu=cortex-m3 -mthumb -I. -IGenerated_Source\PSoC5 -Wa,-alh=.\CortexM3\ARM_GCC_541\Debug/myTracer.lst -g -D DEBUG -D CY_CORE_ID=0 -Wall -ffunction-sections -ffat-lto-objects -Og -c myTracer.c -o .\CortexM3\ARM_GCC_541\Debug\myTracer.o
In file included from Generated_Source\PSoC5/UART_LOG.h:23:0,
                 from myTracer.c:15:
Generated_Source\PSoC5/cytypes.h:1376:0: warning: "LO8" redefined
 #define LO8(x)                  ((uint8) ((x) & 0xFFu))
 ^
In file included from myTracer.h:12:0,
                 from myTracer.c:14:
global.h:306:0: note: this is the location of the previous definition
  # define LO8(x)   ((uint8_t) ((x) & 0xFFu))
 ^
In file included from Generated_Source\PSoC5/UART_LOG.h:23:0,
                 from myTracer.c:15:
Generated_Source\PSoC5/cytypes.h:1377:0: warning: "HI8" redefined
 #define HI8(x)                  ((uint8) ((uint16)(x) >> 8))
 ^
In file included from myTracer.h:12:0,
                 from myTracer.c:14:
global.h:311:0: note: this is the location of the previous definition
  # define HI8(x)   ((uint8_t) ((uint16_t)(x) >> 8))
 ^
In file included from Generated_Source\PSoC5/UART_LOG.h:23:0,
                 from myTracer.c:15:
Generated_Source\PSoC5/cytypes.h:1380:0: warning: "LO16" redefined
 #define LO16(x)                 ((uint16) ((x) & 0xFFFFu))
 ^
In file included from myTracer.h:12:0,
                 from myTracer.c:14:
global.h:316:0: note: this is the location of the previous definition
  # define LO16(x)   ((uint16_t) ((x) & 0xFFFFu))
 ^
In file included from Generated_Source\PSoC5/UART_LOG.h:23:0,
                 from myTracer.c:15:
Generated_Source\PSoC5/cytypes.h:1381:0: warning: "HI16" redefined
 #define HI16(x)                 ((uint16) ((uint32)(x) >> 16))
 ^
In file included from myTracer.h:12:0,
                 from myTracer.c:14:
global.h:321:0: note: this is the location of the previous definition
  # define HI16(x)   ((uint16_t) ((uint32_t)(x) >> 16))
 ^
myTracer.c: In function 'myTimer_print':
myTracer.c:175:42: warning: format '%lu' expects argument of type 'long unsigned int', but argument 5 has type 'unsigned int' [-Wformat=]
         snprintf(buffer, sizeof(buffer), "DWT %s Elapsed CNT Register: %lu and elapsed time in ms: %.6f \r\n",me->m_name, MY_DWT_CCNT, dwtCNT);
                                          ^
myTracer.c:175:42: warning: format '%lu' expects argument of type 'long unsigned int', but argument 5 has type 'unsigned int' [-Wformat=]
myTracer.c:179:42: warning: format '%lu' expects argument of type 'long unsigned int', but argument 4 has type 'int' [-Wformat=]
         snprintf(buffer, sizeof(buffer), "Elapsed Time: %lu, due to PIN measurement.\r\n", 0);
                                          ^
myTracer.c:179:42: warning: format '%lu' expects argument of type 'long unsigned int', but argument 4 has type 'int' [-Wformat=]
myTracer.c:178:20: warning: 'CNT_Value' may be used uninitialized in this function [-Wmaybe-uninitialized]
         *CNT_Value = 0;
                    ^
arm-none-eabi-ar.exe -rs .\CortexM3\ARM_GCC_541\Debug\Design01.a .\CortexM3\ARM_GCC_541\Debug\CyDmac.o .\CortexM3\ARM_GCC_541\Debug\CyFlash.o .\CortexM3\ARM_GCC_541\Debug\CyLib.o .\CortexM3\ARM_GCC_541\Debug\cyPm.o .\CortexM3\ARM_GCC_541\Debug\CySpc.o .\CortexM3\ARM_GCC_541\Debug\cyutils.o .\CortexM3\ARM_GCC_541\Debug\cy_em_eeprom.o .\CortexM3\ARM_GCC_541\Debug\UART_LOG.o .\CortexM3\ARM_GCC_541\Debug\UART_LOG_PM.o .\CortexM3\ARM_GCC_541\Debug\UART_LOG_INT.o .\CortexM3\ARM_GCC_541\Debug\UART_LOG_BOOT.o .\CortexM3\ARM_GCC_541\Debug\UART_LOG_IntClock.o .\CortexM3\ARM_GCC_541\Debug\Pin_1.o .\CortexM3\ARM_GCC_541\Debug\CyBootAsmGnu.o
arm-none-eabi-ar.exe: creating .\CortexM3\ARM_GCC_541\Debug\Design01.a
arm-none-eabi-gcc.exe -Wl,--start-group -o "C:\Users\schmi\OneDrive\Dokumente\PSoC Creator\LAB1_AMA\Design01.cydsn\CortexM3\ARM_GCC_541\Debug\Design01.elf" .\CortexM3\ARM_GCC_541\Debug\main.o .\CortexM3\ARM_GCC_541\Debug\myTracer.o .\CortexM3\ARM_GCC_541\Debug\cyfitter_cfg.o .\CortexM3\ARM_GCC_541\Debug\cymetadata.o .\CortexM3\ARM_GCC_541\Debug\Cm3Start.o .\CortexM3\ARM_GCC_541\Debug\Design01.a "C:\Program Files (x86)\Cypress\PSoC Creator\4.4\PSoC Creator\psoc\content\cycomponentlibrary\CyComponentLibrary.cylib\CortexM3\ARM_GCC_541\Debug\CyComponentLibrary.a" -mcpu=cortex-m3 -mthumb -l m -L Generated_Source\PSoC5 -Wl,-Map,.\CortexM3\ARM_GCC_541\Debug/Design01.map -T Generated_Source\PSoC5\cm3gcc.ld -specs=nano.specs -Wl,--gc-sections -u _printf_float -g -ffunction-sections -Og -ffat-lto-objects -Wl,--end-group
cyelftool.exe -C "C:\Users\schmi\OneDrive\Dokumente\PSoC Creator\LAB1_AMA\Design01.cydsn\CortexM3\ARM_GCC_541\Debug\Design01.elf" --flash_row_size 256 --flash_size 262144 --flash_offset 0x00000000
No ELF section .cychecksum found, creating one
Application checksum calculated and stored in ELF section .cychecksum
Checksum calculated and stored in ELF section .cymeta
cyelftool.exe -S "C:\Users\schmi\OneDrive\Dokumente\PSoC Creator\LAB1_AMA\Design01.cydsn\CortexM3\ARM_GCC_541\Debug\Design01.elf"
Flash used: 15064 of 262144 bytes (5,7 %).
SRAM used: 4521 of 65536 bytes (6,9 %). Stack: 2048 bytes. Heap: 2048 bytes.
--------------- Build Succeeded: 11/10/2024 18:58:14 ---------------
